[2014-07-10 04:38:05] production.ERROR: exception 'Symfony\Component\Debug\Exception\FatalErrorException' with message 'syntax error, unexpected 'echo' (T_ECHO)' in G:\xampp\htdocs\message\app\routes.php:46
Stack trace:
#0 [internal function]: Illuminate\Exception\Handler->handleShutdown()
#1 {main} [] []
[2014-07-10 04:40:24] production.ERROR: exception 'ErrorException' with message 'Invalid argument supplied for foreach()' in G:\xampp\htdocs\message\app\routes.php:46
Stack trace:
#0 G:\xampp\htdocs\message\app\routes.php(46): Illuminate\Exception\Handler->handleError(2, 'Invalid argumen...', 'G:\\xampp\\htdocs...', 46, Array)
#1 [internal function]: {closure}()
#2 G:\xampp\htdocs\message\bootstrap\compiled.php(5098): call_user_func_array(Object(Closure), Array)
#3 G:\xampp\htdocs\message\bootstrap\compiled.php(4795): Illuminate\Routing\Route->run(Object(Illuminate\Http\Request))
#4 G:\xampp\htdocs\message\bootstrap\compiled.php(4783): Illuminate\Routing\Router->dispatchToRoute(Object(Illuminate\Http\Request))
#5 G:\xampp\htdocs\message\bootstrap\compiled.php(706): Illuminate\Routing\Router->dispatch(Object(Illuminate\Http\Request))
#6 G:\xampp\htdocs\message\bootstrap\compiled.php(687): Illuminate\Foundation\Application->dispatch(Object(Illuminate\Http\Request))
#7 G:\xampp\htdocs\message\bootstrap\compiled.php(7425): Illuminate\Foundation\Application->handle(Object(Illuminate\Http\Request), 1, true)
#8 G:\xampp\htdocs\message\bootstrap\compiled.php(8031): Illuminate\Session\Middleware->handle(Object(Illuminate\Http\Request), 1, true)
#9 G:\xampp\htdocs\message\bootstrap\compiled.php(7978): Illuminate\Cookie\Queue->handle(Object(Illuminate\Http\Request), 1, true)
#10 G:\xampp\htdocs\message\bootstrap\compiled.php(10747): Illuminate\Cookie\Guard->handle(Object(Illuminate\Http\Request), 1, true)
#11 G:\xampp\htdocs\message\bootstrap\compiled.php(648): Stack\StackedHttpKernel->handle(Object(Illuminate\Http\Request))
#12 G:\xampp\htdocs\message\public\index.php(49): Illuminate\Foundation\Application->run()
#13 {main} [] []
[2014-07-10 06:42:52] production.ERROR: exception 'Symfony\Component\Debug\Exception\FatalErrorException' with message 'syntax error, unexpected 'Route' (T_STRING)' in G:\xampp\htdocs\message\app\routes.php:15
Stack trace:
#0 [internal function]: Illuminate\Exception\Handler->handleShutdown()
#1 {main} [] []
[2014-07-10 06:45:43] production.ERROR: exception 'ErrorException' with message 'Array to string conversion' in G:\xampp\htdocs\message\app\routes.php:44
Stack trace:
#0 G:\xampp\htdocs\message\app\routes.php(44): Illuminate\Exception\Handler->handleError(8, 'Array to string...', 'G:\\xampp\\htdocs...', 44, Array)
#1 [internal function]: {closure}()
#2 G:\xampp\htdocs\message\bootstrap\compiled.php(5098): call_user_func_array(Object(Closure), Array)
#3 G:\xampp\htdocs\message\bootstrap\compiled.php(4795): Illuminate\Routing\Route->run(Object(Illuminate\Http\Request))
#4 G:\xampp\htdocs\message\bootstrap\compiled.php(4783): Illuminate\Routing\Router->dispatchToRoute(Object(Illuminate\Http\Request))
#5 G:\xampp\htdocs\message\bootstrap\compiled.php(706): Illuminate\Routing\Router->dispatch(Object(Illuminate\Http\Request))
#6 G:\xampp\htdocs\message\bootstrap\compiled.php(687): Illuminate\Foundation\Application->dispatch(Object(Illuminate\Http\Request))
#7 G:\xampp\htdocs\message\bootstrap\compiled.php(7425): Illuminate\Foundation\Application->handle(Object(Illuminate\Http\Request), 1, true)
#8 G:\xampp\htdocs\message\bootstrap\compiled.php(8031): Illuminate\Session\Middleware->handle(Object(Illuminate\Http\Request), 1, true)
#9 G:\xampp\htdocs\message\bootstrap\compiled.php(7978): Illuminate\Cookie\Queue->handle(Object(Illuminate\Http\Request), 1, true)
#10 G:\xampp\htdocs\message\bootstrap\compiled.php(10747): Illuminate\Cookie\Guard->handle(Object(Illuminate\Http\Request), 1, true)
#11 G:\xampp\htdocs\message\bootstrap\compiled.php(648): Stack\StackedHttpKernel->handle(Object(Illuminate\Http\Request))
#12 G:\xampp\htdocs\message\public\index.php(49): Illuminate\Foundation\Application->run()
#13 {main} [] []
[2014-07-10 06:47:24] production.ERROR: exception 'ErrorException' with message 'Array to string conversion' in G:\xampp\htdocs\message\app\routes.php:44
Stack trace:
#0 G:\xampp\htdocs\message\app\routes.php(44): Illuminate\Exception\Handler->handleError(8, 'Array to string...', 'G:\\xampp\\htdocs...', 44, Array)
#1 [internal function]: {closure}()
#2 G:\xampp\htdocs\message\bootstrap\compiled.php(5098): call_user_func_array(Object(Closure), Array)
#3 G:\xampp\htdocs\message\bootstrap\compiled.php(4795): Illuminate\Routing\Route->run(Object(Illuminate\Http\Request))
#4 G:\xampp\htdocs\message\bootstrap\compiled.php(4783): Illuminate\Routing\Router->dispatchToRoute(Object(Illuminate\Http\Request))
#5 G:\xampp\htdocs\message\bootstrap\compiled.php(706): Illuminate\Routing\Router->dispatch(Object(Illuminate\Http\Request))
#6 G:\xampp\htdocs\message\bootstrap\compiled.php(687): Illuminate\Foundation\Application->dispatch(Object(Illuminate\Http\Request))
#7 G:\xampp\htdocs\message\bootstrap\compiled.php(7425): Illuminate\Foundation\Application->handle(Object(Illuminate\Http\Request), 1, true)
#8 G:\xampp\htdocs\message\bootstrap\compiled.php(8031): Illuminate\Session\Middleware->handle(Object(Illuminate\Http\Request), 1, true)
#9 G:\xampp\htdocs\message\bootstrap\compiled.php(7978): Illuminate\Cookie\Queue->handle(Object(Illuminate\Http\Request), 1, true)
#10 G:\xampp\htdocs\message\bootstrap\compiled.php(10747): Illuminate\Cookie\Guard->handle(Object(Illuminate\Http\Request), 1, true)
#11 G:\xampp\htdocs\message\bootstrap\compiled.php(648): Stack\StackedHttpKernel->handle(Object(Illuminate\Http\Request))
#12 G:\xampp\htdocs\message\public\index.php(49): Illuminate\Foundation\Application->run()
#13 {main} [] []
[2014-07-10 06:47:30] production.ERROR: exception 'ErrorException' with message 'Array to string conversion' in G:\xampp\htdocs\message\app\routes.php:44
Stack trace:
#0 G:\xampp\htdocs\message\app\routes.php(44): Illuminate\Exception\Handler->handleError(8, 'Array to string...', 'G:\\xampp\\htdocs...', 44, Array)
#1 [internal function]: {closure}()
#2 G:\xampp\htdocs\message\bootstrap\compiled.php(5098): call_user_func_array(Object(Closure), Array)
#3 G:\xampp\htdocs\message\bootstrap\compiled.php(4795): Illuminate\Routing\Route->run(Object(Illuminate\Http\Request))
#4 G:\xampp\htdocs\message\bootstrap\compiled.php(4783): Illuminate\Routing\Router->dispatchToRoute(Object(Illuminate\Http\Request))
#5 G:\xampp\htdocs\message\bootstrap\compiled.php(706): Illuminate\Routing\Router->dispatch(Object(Illuminate\Http\Request))
#6 G:\xampp\htdocs\message\bootstrap\compiled.php(687): Illuminate\Foundation\Application->dispatch(Object(Illuminate\Http\Request))
#7 G:\xampp\htdocs\message\bootstrap\compiled.php(7425): Illuminate\Foundation\Application->handle(Object(Illuminate\Http\Request), 1, true)
#8 G:\xampp\htdocs\message\bootstrap\compiled.php(8031): Illuminate\Session\Middleware->handle(Object(Illuminate\Http\Request), 1, true)
#9 G:\xampp\htdocs\message\bootstrap\compiled.php(7978): Illuminate\Cookie\Queue->handle(Object(Illuminate\Http\Request), 1, true)
#10 G:\xampp\htdocs\message\bootstrap\compiled.php(10747): Illuminate\Cookie\Guard->handle(Object(Illuminate\Http\Request), 1, true)
#11 G:\xampp\htdocs\message\bootstrap\compiled.php(648): Stack\StackedHttpKernel->handle(Object(Illuminate\Http\Request))
#12 G:\xampp\htdocs\message\public\index.php(49): Illuminate\Foundation\Application->run()
#13 {main} [] []
[2014-07-10 06:49:21] production.ERROR: exception 'Symfony\Component\Debug\Exception\FatalErrorException' with message 'Cannot use object of type stdClass as array' in G:\xampp\htdocs\message\app\routes.php:45
Stack trace:
#0 [internal function]: Illuminate\Exception\Handler->handleShutdown()
#1 {main} [] []
[2014-07-10 07:08:26] production.ERROR: exception 'Symfony\Component\Debug\Exception\FatalErrorException' with message 'syntax error, unexpected ';', expecting ')'' in G:\xampp\htdocs\message\app\routes.php:32
Stack trace:
#0 [internal function]: Illuminate\Exception\Handler->handleShutdown()
#1 {main} [] []
[2014-07-10 07:08:53] production.ERROR: exception 'ErrorException' with message 'Array to string conversion' in G:\xampp\htdocs\message\app\routes.php:40
Stack trace:
#0 [internal function]: Illuminate\Exception\Handler->handleError(8, 'Array to string...', 'G:\\xampp\\htdocs...', 40, Array)
#1 G:\xampp\htdocs\message\app\routes.php(40): curl_setopt(Resource id #77, 10015, Array)
#2 [internal function]: {closure}()
#3 G:\xampp\htdocs\message\bootstrap\compiled.php(5098): call_user_func_array(Object(Closure), Array)
#4 G:\xampp\htdocs\message\bootstrap\compiled.php(4795): Illuminate\Routing\Route->run(Object(Illuminate\Http\Request))
#5 G:\xampp\htdocs\message\bootstrap\compiled.php(4783): Illuminate\Routing\Router->dispatchToRoute(Object(Illuminate\Http\Request))
#6 G:\xampp\htdocs\message\bootstrap\compiled.php(706): Illuminate\Routing\Router->dispatch(Object(Illuminate\Http\Request))
#7 G:\xampp\htdocs\message\bootstrap\compiled.php(687): Illuminate\Foundation\Application->dispatch(Object(Illuminate\Http\Request))
#8 G:\xampp\htdocs\message\bootstrap\compiled.php(7425): Illuminate\Foundation\Application->handle(Object(Illuminate\Http\Request), 1, true)
#9 G:\xampp\htdocs\message\bootstrap\compiled.php(8031): Illuminate\Session\Middleware->handle(Object(Illuminate\Http\Request), 1, true)
#10 G:\xampp\htdocs\message\bootstrap\compiled.php(7978): Illuminate\Cookie\Queue->handle(Object(Illuminate\Http\Request), 1, true)
#11 G:\xampp\htdocs\message\bootstrap\compiled.php(10747): Illuminate\Cookie\Guard->handle(Object(Illuminate\Http\Request), 1, true)
#12 G:\xampp\htdocs\message\bootstrap\compiled.php(648): Stack\StackedHttpKernel->handle(Object(Illuminate\Http\Request))
#13 G:\xampp\htdocs\message\public\index.php(49): Illuminate\Foundation\Application->run()
#14 {main} [] []
[2014-07-10 07:08:59] production.ERROR: exception 'ErrorException' with message 'Array to string conversion' in G:\xampp\htdocs\message\app\routes.php:40
Stack trace:
#0 [internal function]: Illuminate\Exception\Handler->handleError(8, 'Array to string...', 'G:\\xampp\\htdocs...', 40, Array)
#1 G:\xampp\htdocs\message\app\routes.php(40): curl_setopt(Resource id #77, 10015, Array)
#2 [internal function]: {closure}()
#3 G:\xampp\htdocs\message\bootstrap\compiled.php(5098): call_user_func_array(Object(Closure), Array)
#4 G:\xampp\htdocs\message\bootstrap\compiled.php(4795): Illuminate\Routing\Route->run(Object(Illuminate\Http\Request))
#5 G:\xampp\htdocs\message\bootstrap\compiled.php(4783): Illuminate\Routing\Router->dispatchToRoute(Object(Illuminate\Http\Request))
#6 G:\xampp\htdocs\message\bootstrap\compiled.php(706): Illuminate\Routing\Router->dispatch(Object(Illuminate\Http\Request))
#7 G:\xampp\htdocs\message\bootstrap\compiled.php(687): Illuminate\Foundation\Application->dispatch(Object(Illuminate\Http\Request))
#8 G:\xampp\htdocs\message\bootstrap\compiled.php(7425): Illuminate\Foundation\Application->handle(Object(Illuminate\Http\Request), 1, true)
#9 G:\xampp\htdocs\message\bootstrap\compiled.php(8031): Illuminate\Session\Middleware->handle(Object(Illuminate\Http\Request), 1, true)
#10 G:\xampp\htdocs\message\bootstrap\compiled.php(7978): Illuminate\Cookie\Queue->handle(Object(Illuminate\Http\Request), 1, true)
#11 G:\xampp\htdocs\message\bootstrap\compiled.php(10747): Illuminate\Cookie\Guard->handle(Object(Illuminate\Http\Request), 1, true)
#12 G:\xampp\htdocs\message\bootstrap\compiled.php(648): Stack\StackedHttpKernel->handle(Object(Illuminate\Http\Request))
#13 G:\xampp\htdocs\message\public\index.php(49): Illuminate\Foundation\Application->run()
#14 {main} [] []
[2014-07-10 07:10:30] production.ERROR: exception 'ErrorException' with message 'Array to string conversion' in G:\xampp\htdocs\message\app\routes.php:40
Stack trace:
#0 [internal function]: Illuminate\Exception\Handler->handleError(8, 'Array to string...', 'G:\\xampp\\htdocs...', 40, Array)
#1 G:\xampp\htdocs\message\app\routes.php(40): curl_setopt(Resource id #77, 10015, Array)
#2 [internal function]: {closure}()
#3 G:\xampp\htdocs\message\bootstrap\compiled.php(5098): call_user_func_array(Object(Closure), Array)
#4 G:\xampp\htdocs\message\bootstrap\compiled.php(4795): Illuminate\Routing\Route->run(Object(Illuminate\Http\Request))
#5 G:\xampp\htdocs\message\bootstrap\compiled.php(4783): Illuminate\Routing\Router->dispatchToRoute(Object(Illuminate\Http\Request))
#6 G:\xampp\htdocs\message\bootstrap\compiled.php(706): Illuminate\Routing\Router->dispatch(Object(Illuminate\Http\Request))
#7 G:\xampp\htdocs\message\bootstrap\compiled.php(687): Illuminate\Foundation\Application->dispatch(Object(Illuminate\Http\Request))
#8 G:\xampp\htdocs\message\bootstrap\compiled.php(7425): Illuminate\Foundation\Application->handle(Object(Illuminate\Http\Request), 1, true)
#9 G:\xampp\htdocs\message\bootstrap\compiled.php(8031): Illuminate\Session\Middleware->handle(Object(Illuminate\Http\Request), 1, true)
#10 G:\xampp\htdocs\message\bootstrap\compiled.php(7978): Illuminate\Cookie\Queue->handle(Object(Illuminate\Http\Request), 1, true)
#11 G:\xampp\htdocs\message\bootstrap\compiled.php(10747): Illuminate\Cookie\Guard->handle(Object(Illuminate\Http\Request), 1, true)
#12 G:\xampp\htdocs\message\bootstrap\compiled.php(648): Stack\StackedHttpKernel->handle(Object(Illuminate\Http\Request))
#13 G:\xampp\htdocs\message\public\index.php(49): Illuminate\Foundation\Application->run()
#14 {main} [] []
[2014-07-10 07:10:36] production.ERROR: exception 'ErrorException' with message 'Array to string conversion' in G:\xampp\htdocs\message\app\routes.php:40
Stack trace:
#0 [internal function]: Illuminate\Exception\Handler->handleError(8, 'Array to string...', 'G:\\xampp\\htdocs...', 40, Array)
#1 G:\xampp\htdocs\message\app\routes.php(40): curl_setopt(Resource id #77, 10015, Array)
#2 [internal function]: {closure}()
#3 G:\xampp\htdocs\message\bootstrap\compiled.php(5098): call_user_func_array(Object(Closure), Array)
#4 G:\xampp\htdocs\message\bootstrap\compiled.php(4795): Illuminate\Routing\Route->run(Object(Illuminate\Http\Request))
#5 G:\xampp\htdocs\message\bootstrap\compiled.php(4783): Illuminate\Routing\Router->dispatchToRoute(Object(Illuminate\Http\Request))
#6 G:\xampp\htdocs\message\bootstrap\compiled.php(706): Illuminate\Routing\Router->dispatch(Object(Illuminate\Http\Request))
#7 G:\xampp\htdocs\message\bootstrap\compiled.php(687): Illuminate\Foundation\Application->dispatch(Object(Illuminate\Http\Request))
#8 G:\xampp\htdocs\message\bootstrap\compiled.php(7425): Illuminate\Foundation\Application->handle(Object(Illuminate\Http\Request), 1, true)
#9 G:\xampp\htdocs\message\bootstrap\compiled.php(8031): Illuminate\Session\Middleware->handle(Object(Illuminate\Http\Request), 1, true)
#10 G:\xampp\htdocs\message\bootstrap\compiled.php(7978): Illuminate\Cookie\Queue->handle(Object(Illuminate\Http\Request), 1, true)
#11 G:\xampp\htdocs\message\bootstrap\compiled.php(10747): Illuminate\Cookie\Guard->handle(Object(Illuminate\Http\Request), 1, true)
#12 G:\xampp\htdocs\message\bootstrap\compiled.php(648): Stack\StackedHttpKernel->handle(Object(Illuminate\Http\Request))
#13 G:\xampp\htdocs\message\public\index.php(49): Illuminate\Foundation\Application->run()
#14 {main} [] []
[2014-07-10 07:11:27] production.ERROR: exception 'ErrorException' with message 'Array to string conversion' in G:\xampp\htdocs\message\app\routes.php:40
Stack trace:
#0 [internal function]: Illuminate\Exception\Handler->handleError(8, 'Array to string...', 'G:\\xampp\\htdocs...', 40, Array)
#1 G:\xampp\htdocs\message\app\routes.php(40): curl_setopt(Resource id #77, 10015, Array)
#2 [internal function]: {closure}()
#3 G:\xampp\htdocs\message\bootstrap\compiled.php(5098): call_user_func_array(Object(Closure), Array)
#4 G:\xampp\htdocs\message\bootstrap\compiled.php(4795): Illuminate\Routing\Route->run(Object(Illuminate\Http\Request))
#5 G:\xampp\htdocs\message\bootstrap\compiled.php(4783): Illuminate\Routing\Router->dispatchToRoute(Object(Illuminate\Http\Request))
#6 G:\xampp\htdocs\message\bootstrap\compiled.php(706): Illuminate\Routing\Router->dispatch(Object(Illuminate\Http\Request))
#7 G:\xampp\htdocs\message\bootstrap\compiled.php(687): Illuminate\Foundation\Application->dispatch(Object(Illuminate\Http\Request))
#8 G:\xampp\htdocs\message\bootstrap\compiled.php(7425): Illuminate\Foundation\Application->handle(Object(Illuminate\Http\Request), 1, true)
#9 G:\xampp\htdocs\message\bootstrap\compiled.php(8031): Illuminate\Session\Middleware->handle(Object(Illuminate\Http\Request), 1, true)
#10 G:\xampp\htdocs\message\bootstrap\compiled.php(7978): Illuminate\Cookie\Queue->handle(Object(Illuminate\Http\Request), 1, true)
#11 G:\xampp\htdocs\message\bootstrap\compiled.php(10747): Illuminate\Cookie\Guard->handle(Object(Illuminate\Http\Request), 1, true)
#12 G:\xampp\htdocs\message\bootstrap\compiled.php(648): Stack\StackedHttpKernel->handle(Object(Illuminate\Http\Request))
#13 G:\xampp\htdocs\message\public\index.php(49): Illuminate\Foundation\Application->run()
#14 {main} [] []
[2014-07-10 07:11:32] production.ERROR: exception 'ErrorException' with message 'Array to string conversion' in G:\xampp\htdocs\message\app\routes.php:40
Stack trace:
#0 [internal function]: Illuminate\Exception\Handler->handleError(8, 'Array to string...', 'G:\\xampp\\htdocs...', 40, Array)
#1 G:\xampp\htdocs\message\app\routes.php(40): curl_setopt(Resource id #77, 10015, Array)
#2 [internal function]: {closure}()
#3 G:\xampp\htdocs\message\bootstrap\compiled.php(5098): call_user_func_array(Object(Closure), Array)
#4 G:\xampp\htdocs\message\bootstrap\compiled.php(4795): Illuminate\Routing\Route->run(Object(Illuminate\Http\Request))
#5 G:\xampp\htdocs\message\bootstrap\compiled.php(4783): Illuminate\Routing\Router->dispatchToRoute(Object(Illuminate\Http\Request))
#6 G:\xampp\htdocs\message\bootstrap\compiled.php(706): Illuminate\Routing\Router->dispatch(Object(Illuminate\Http\Request))
#7 G:\xampp\htdocs\message\bootstrap\compiled.php(687): Illuminate\Foundation\Application->dispatch(Object(Illuminate\Http\Request))
#8 G:\xampp\htdocs\message\bootstrap\compiled.php(7425): Illuminate\Foundation\Application->handle(Object(Illuminate\Http\Request), 1, true)
#9 G:\xampp\htdocs\message\bootstrap\compiled.php(8031): Illuminate\Session\Middleware->handle(Object(Illuminate\Http\Request), 1, true)
#10 G:\xampp\htdocs\message\bootstrap\compiled.php(7978): Illuminate\Cookie\Queue->handle(Object(Illuminate\Http\Request), 1, true)
#11 G:\xampp\htdocs\message\bootstrap\compiled.php(10747): Illuminate\Cookie\Guard->handle(Object(Illuminate\Http\Request), 1, true)
#12 G:\xampp\htdocs\message\bootstrap\compiled.php(648): Stack\StackedHttpKernel->handle(Object(Illuminate\Http\Request))
#13 G:\xampp\htdocs\message\public\index.php(49): Illuminate\Foundation\Application->run()
#14 {main} [] []
[2014-07-10 07:12:42] production.ERROR: exception 'ErrorException' with message 'Array to string conversion' in G:\xampp\htdocs\message\app\routes.php:40
Stack trace:
#0 [internal function]: Illuminate\Exception\Handler->handleError(8, 'Array to string...', 'G:\\xampp\\htdocs...', 40, Array)
#1 G:\xampp\htdocs\message\app\routes.php(40): curl_setopt(Resource id #77, 10015, Array)
#2 [internal function]: {closure}()
#3 G:\xampp\htdocs\message\bootstrap\compiled.php(5098): call_user_func_array(Object(Closure), Array)
#4 G:\xampp\htdocs\message\bootstrap\compiled.php(4795): Illuminate\Routing\Route->run(Object(Illuminate\Http\Request))
#5 G:\xampp\htdocs\message\bootstrap\compiled.php(4783): Illuminate\Routing\Router->dispatchToRoute(Object(Illuminate\Http\Request))
#6 G:\xampp\htdocs\message\bootstrap\compiled.php(706): Illuminate\Routing\Router->dispatch(Object(Illuminate\Http\Request))
#7 G:\xampp\htdocs\message\bootstrap\compiled.php(687): Illuminate\Foundation\Application->dispatch(Object(Illuminate\Http\Request))
#8 G:\xampp\htdocs\message\bootstrap\compiled.php(7425): Illuminate\Foundation\Application->handle(Object(Illuminate\Http\Request), 1, true)
#9 G:\xampp\htdocs\message\bootstrap\compiled.php(8031): Illuminate\Session\Middleware->handle(Object(Illuminate\Http\Request), 1, true)
#10 G:\xampp\htdocs\message\bootstrap\compiled.php(7978): Illuminate\Cookie\Queue->handle(Object(Illuminate\Http\Request), 1, true)
#11 G:\xampp\htdocs\message\bootstrap\compiled.php(10747): Illuminate\Cookie\Guard->handle(Object(Illuminate\Http\Request), 1, true)
#12 G:\xampp\htdocs\message\bootstrap\compiled.php(648): Stack\StackedHttpKernel->handle(Object(Illuminate\Http\Request))
#13 G:\xampp\htdocs\message\public\index.php(49): Illuminate\Foundation\Application->run()
#14 {main} [] []
[2014-07-10 07:12:49] production.ERROR: exception 'ErrorException' with message 'Array to string conversion' in G:\xampp\htdocs\message\app\routes.php:40
Stack trace:
#0 [internal function]: Illuminate\Exception\Handler->handleError(8, 'Array to string...', 'G:\\xampp\\htdocs...', 40, Array)
#1 G:\xampp\htdocs\message\app\routes.php(40): curl_setopt(Resource id #77, 10015, Array)
#2 [internal function]: {closure}()
#3 G:\xampp\htdocs\message\bootstrap\compiled.php(5098): call_user_func_array(Object(Closure), Array)
#4 G:\xampp\htdocs\message\bootstrap\compiled.php(4795): Illuminate\Routing\Route->run(Object(Illuminate\Http\Request))
#5 G:\xampp\htdocs\message\bootstrap\compiled.php(4783): Illuminate\Routing\Router->dispatchToRoute(Object(Illuminate\Http\Request))
#6 G:\xampp\htdocs\message\bootstrap\compiled.php(706): Illuminate\Routing\Router->dispatch(Object(Illuminate\Http\Request))
#7 G:\xampp\htdocs\message\bootstrap\compiled.php(687): Illuminate\Foundation\Application->dispatch(Object(Illuminate\Http\Request))
#8 G:\xampp\htdocs\message\bootstrap\compiled.php(7425): Illuminate\Foundation\Application->handle(Object(Illuminate\Http\Request), 1, true)
#9 G:\xampp\htdocs\message\bootstrap\compiled.php(8031): Illuminate\Session\Middleware->handle(Object(Illuminate\Http\Request), 1, true)
#10 G:\xampp\htdocs\message\bootstrap\compiled.php(7978): Illuminate\Cookie\Queue->handle(Object(Illuminate\Http\Request), 1, true)
#11 G:\xampp\htdocs\message\bootstrap\compiled.php(10747): Illuminate\Cookie\Guard->handle(Object(Illuminate\Http\Request), 1, true)
#12 G:\xampp\htdocs\message\bootstrap\compiled.php(648): Stack\StackedHttpKernel->handle(Object(Illuminate\Http\Request))
#13 G:\xampp\htdocs\message\public\index.php(49): Illuminate\Foundation\Application->run()
#14 {main} [] []
[2014-07-10 07:18:13] production.ERROR: exception 'ErrorException' with message 'Array to string conversion' in G:\xampp\htdocs\message\app\routes.php:40
Stack trace:
#0 [internal function]: Illuminate\Exception\Handler->handleError(8, 'Array to string...', 'G:\\xampp\\htdocs...', 40, Array)
#1 G:\xampp\htdocs\message\app\routes.php(40): curl_setopt(Resource id #77, 10015, Array)
#2 [internal function]: {closure}()
#3 G:\xampp\htdocs\message\bootstrap\compiled.php(5098): call_user_func_array(Object(Closure), Array)
#4 G:\xampp\htdocs\message\bootstrap\compiled.php(4795): Illuminate\Routing\Route->run(Object(Illuminate\Http\Request))
#5 G:\xampp\htdocs\message\bootstrap\compiled.php(4783): Illuminate\Routing\Router->dispatchToRoute(Object(Illuminate\Http\Request))
#6 G:\xampp\htdocs\message\bootstrap\compiled.php(706): Illuminate\Routing\Router->dispatch(Object(Illuminate\Http\Request))
#7 G:\xampp\htdocs\message\bootstrap\compiled.php(687): Illuminate\Foundation\Application->dispatch(Object(Illuminate\Http\Request))
#8 G:\xampp\htdocs\message\bootstrap\compiled.php(7425): Illuminate\Foundation\Application->handle(Object(Illuminate\Http\Request), 1, true)
#9 G:\xampp\htdocs\message\bootstrap\compiled.php(8031): Illuminate\Session\Middleware->handle(Object(Illuminate\Http\Request), 1, true)
#10 G:\xampp\htdocs\message\bootstrap\compiled.php(7978): Illuminate\Cookie\Queue->handle(Object(Illuminate\Http\Request), 1, true)
#11 G:\xampp\htdocs\message\bootstrap\compiled.php(10747): Illuminate\Cookie\Guard->handle(Object(Illuminate\Http\Request), 1, true)
#12 G:\xampp\htdocs\message\bootstrap\compiled.php(648): Stack\StackedHttpKernel->handle(Object(Illuminate\Http\Request))
#13 G:\xampp\htdocs\message\public\index.php(49): Illuminate\Foundation\Application->run()
#14 {main} [] []
[2014-07-10 07:19:15] production.ERROR: exception 'ErrorException' with message 'Array to string conversion' in G:\xampp\htdocs\message\app\routes.php:40
Stack trace:
#0 [internal function]: Illuminate\Exception\Handler->handleError(8, 'Array to string...', 'G:\\xampp\\htdocs...', 40, Array)
#1 G:\xampp\htdocs\message\app\routes.php(40): curl_setopt(Resource id #77, 10015, Array)
#2 [internal function]: {closure}()
#3 G:\xampp\htdocs\message\bootstrap\compiled.php(5098): call_user_func_array(Object(Closure), Array)
#4 G:\xampp\htdocs\message\bootstrap\compiled.php(4795): Illuminate\Routing\Route->run(Object(Illuminate\Http\Request))
#5 G:\xampp\htdocs\message\bootstrap\compiled.php(4783): Illuminate\Routing\Router->dispatchToRoute(Object(Illuminate\Http\Request))
#6 G:\xampp\htdocs\message\bootstrap\compiled.php(706): Illuminate\Routing\Router->dispatch(Object(Illuminate\Http\Request))
#7 G:\xampp\htdocs\message\bootstrap\compiled.php(687): Illuminate\Foundation\Application->dispatch(Object(Illuminate\Http\Request))
#8 G:\xampp\htdocs\message\bootstrap\compiled.php(7425): Illuminate\Foundation\Application->handle(Object(Illuminate\Http\Request), 1, true)
#9 G:\xampp\htdocs\message\bootstrap\compiled.php(8031): Illuminate\Session\Middleware->handle(Object(Illuminate\Http\Request), 1, true)
#10 G:\xampp\htdocs\message\bootstrap\compiled.php(7978): Illuminate\Cookie\Queue->handle(Object(Illuminate\Http\Request), 1, true)
#11 G:\xampp\htdocs\message\bootstrap\compiled.php(10747): Illuminate\Cookie\Guard->handle(Object(Illuminate\Http\Request), 1, true)
#12 G:\xampp\htdocs\message\bootstrap\compiled.php(648): Stack\StackedHttpKernel->handle(Object(Illuminate\Http\Request))
#13 G:\xampp\htdocs\message\public\index.php(49): Illuminate\Foundation\Application->run()
#14 {main} [] []
[2014-07-10 07:20:22] production.ERROR: exception 'ErrorException' with message 'Array to string conversion' in G:\xampp\htdocs\message\app\routes.php:40
Stack trace:
#0 [internal function]: Illuminate\Exception\Handler->handleError(8, 'Array to string...', 'G:\\xampp\\htdocs...', 40, Array)
#1 G:\xampp\htdocs\message\app\routes.php(40): curl_setopt(Resource id #77, 10015, Array)
#2 [internal function]: {closure}()
#3 G:\xampp\htdocs\message\bootstrap\compiled.php(5098): call_user_func_array(Object(Closure), Array)
#4 G:\xampp\htdocs\message\bootstrap\compiled.php(4795): Illuminate\Routing\Route->run(Object(Illuminate\Http\Request))
#5 G:\xampp\htdocs\message\bootstrap\compiled.php(4783): Illuminate\Routing\Router->dispatchToRoute(Object(Illuminate\Http\Request))
#6 G:\xampp\htdocs\message\bootstrap\compiled.php(706): Illuminate\Routing\Router->dispatch(Object(Illuminate\Http\Request))
#7 G:\xampp\htdocs\message\bootstrap\compiled.php(687): Illuminate\Foundation\Application->dispatch(Object(Illuminate\Http\Request))
#8 G:\xampp\htdocs\message\bootstrap\compiled.php(7425): Illuminate\Foundation\Application->handle(Object(Illuminate\Http\Request), 1, true)
#9 G:\xampp\htdocs\message\bootstrap\compiled.php(8031): Illuminate\Session\Middleware->handle(Object(Illuminate\Http\Request), 1, true)
#10 G:\xampp\htdocs\message\bootstrap\compiled.php(7978): Illuminate\Cookie\Queue->handle(Object(Illuminate\Http\Request), 1, true)
#11 G:\xampp\htdocs\message\bootstrap\compiled.php(10747): Illuminate\Cookie\Guard->handle(Object(Illuminate\Http\Request), 1, true)
#12 G:\xampp\htdocs\message\bootstrap\compiled.php(648): Stack\StackedHttpKernel->handle(Object(Illuminate\Http\Request))
#13 G:\xampp\htdocs\message\public\index.php(49): Illuminate\Foundation\Application->run()
#14 {main} [] []
[2014-07-10 07:28:21] production.ERROR: exception 'ErrorException' with message 'Array to string conversion' in G:\xampp\htdocs\message\app\routes.php:44
Stack trace:
#0 [internal function]: Illuminate\Exception\Handler->handleError(8, 'Array to string...', 'G:\\xampp\\htdocs...', 44, Array)
#1 G:\xampp\htdocs\message\app\routes.php(44): curl_setopt(Resource id #77, 10015, Array)
#2 [internal function]: {closure}()
#3 G:\xampp\htdocs\message\bootstrap\compiled.php(5098): call_user_func_array(Object(Closure), Array)
#4 G:\xampp\htdocs\message\bootstrap\compiled.php(4795): Illuminate\Routing\Route->run(Object(Illuminate\Http\Request))
#5 G:\xampp\htdocs\message\bootstrap\compiled.php(4783): Illuminate\Routing\Router->dispatchToRoute(Object(Illuminate\Http\Request))
#6 G:\xampp\htdocs\message\bootstrap\compiled.php(706): Illuminate\Routing\Router->dispatch(Object(Illuminate\Http\Request))
#7 G:\xampp\htdocs\message\bootstrap\compiled.php(687): Illuminate\Foundation\Application->dispatch(Object(Illuminate\Http\Request))
#8 G:\xampp\htdocs\message\bootstrap\compiled.php(7425): Illuminate\Foundation\Application->handle(Object(Illuminate\Http\Request), 1, true)
#9 G:\xampp\htdocs\message\bootstrap\compiled.php(8031): Illuminate\Session\Middleware->handle(Object(Illuminate\Http\Request), 1, true)
#10 G:\xampp\htdocs\message\bootstrap\compiled.php(7978): Illuminate\Cookie\Queue->handle(Object(Illuminate\Http\Request), 1, true)
#11 G:\xampp\htdocs\message\bootstrap\compiled.php(10747): Illuminate\Cookie\Guard->handle(Object(Illuminate\Http\Request), 1, true)
#12 G:\xampp\htdocs\message\bootstrap\compiled.php(648): Stack\StackedHttpKernel->handle(Object(Illuminate\Http\Request))
#13 G:\xampp\htdocs\message\public\index.php(49): Illuminate\Foundation\Application->run()
#14 {main} [] []
[2014-07-10 07:31:37] production.ERROR: exception 'ErrorException' with message 'Array to string conversion' in G:\xampp\htdocs\message\app\routes.php:53
Stack trace:
#0 G:\xampp\htdocs\message\app\routes.php(53): Illuminate\Exception\Handler->handleError(8, 'Array to string...', 'G:\\xampp\\htdocs...', 53, Array)
#1 [internal function]: {closure}()
#2 G:\xampp\htdocs\message\bootstrap\compiled.php(5098): call_user_func_array(Object(Closure), Array)
#3 G:\xampp\htdocs\message\bootstrap\compiled.php(4795): Illuminate\Routing\Route->run(Object(Illuminate\Http\Request))
#4 G:\xampp\htdocs\message\bootstrap\compiled.php(4783): Illuminate\Routing\Router->dispatchToRoute(Object(Illuminate\Http\Request))
#5 G:\xampp\htdocs\message\bootstrap\compiled.php(706): Illuminate\Routing\Router->dispatch(Object(Illuminate\Http\Request))
#6 G:\xampp\htdocs\message\bootstrap\compiled.php(687): Illuminate\Foundation\Application->dispatch(Object(Illuminate\Http\Request))
#7 G:\xampp\htdocs\message\bootstrap\compiled.php(7425): Illuminate\Foundation\Application->handle(Object(Illuminate\Http\Request), 1, true)
#8 G:\xampp\htdocs\message\bootstrap\compiled.php(8031): Illuminate\Session\Middleware->handle(Object(Illuminate\Http\Request), 1, true)
#9 G:\xampp\htdocs\message\bootstrap\compiled.php(7978): Illuminate\Cookie\Queue->handle(Object(Illuminate\Http\Request), 1, true)
#10 G:\xampp\htdocs\message\bootstrap\compiled.php(10747): Illuminate\Cookie\Guard->handle(Object(Illuminate\Http\Request), 1, true)
#11 G:\xampp\htdocs\message\bootstrap\compiled.php(648): Stack\StackedHttpKernel->handle(Object(Illuminate\Http\Request))
#12 G:\xampp\htdocs\message\public\index.php(49): Illuminate\Foundation\Application->run()
#13 {main} [] []
[2014-07-10 07:33:18] production.ERROR: exception 'ErrorException' with message 'Array to string conversion' in G:\xampp\htdocs\message\app\routes.php:52
Stack trace:
#0 G:\xampp\htdocs\message\app\routes.php(52): Illuminate\Exception\Handler->handleError(8, 'Array to string...', 'G:\\xampp\\htdocs...', 52, Array)
#1 [internal function]: {closure}()
#2 G:\xampp\htdocs\message\bootstrap\compiled.php(5098): call_user_func_array(Object(Closure), Array)
#3 G:\xampp\htdocs\message\bootstrap\compiled.php(4795): Illuminate\Routing\Route->run(Object(Illuminate\Http\Request))
#4 G:\xampp\htdocs\message\bootstrap\compiled.php(4783): Illuminate\Routing\Router->dispatchToRoute(Object(Illuminate\Http\Request))
#5 G:\xampp\htdocs\message\bootstrap\compiled.php(706): Illuminate\Routing\Router->dispatch(Object(Illuminate\Http\Request))
#6 G:\xampp\htdocs\message\bootstrap\compiled.php(687): Illuminate\Foundation\Application->dispatch(Object(Illuminate\Http\Request))
#7 G:\xampp\htdocs\message\bootstrap\compiled.php(7425): Illuminate\Foundation\Application->handle(Object(Illuminate\Http\Request), 1, true)
#8 G:\xampp\htdocs\message\bootstrap\compiled.php(8031): Illuminate\Session\Middleware->handle(Object(Illuminate\Http\Request), 1, true)
#9 G:\xampp\htdocs\message\bootstrap\compiled.php(7978): Illuminate\Cookie\Queue->handle(Object(Illuminate\Http\Request), 1, true)
#10 G:\xampp\htdocs\message\bootstrap\compiled.php(10747): Illuminate\Cookie\Guard->handle(Object(Illuminate\Http\Request), 1, true)
#11 G:\xampp\htdocs\message\bootstrap\compiled.php(648): Stack\StackedHttpKernel->handle(Object(Illuminate\Http\Request))
#12 G:\xampp\htdocs\message\public\index.php(49): Illuminate\Foundation\Application->run()
#13 {main} [] []
[2014-07-10 08:04:40] production.ERROR: exception 'ErrorException' with message 'Invalid argument supplied for foreach()' in G:\xampp\htdocs\message\app\routes.php:49
Stack trace:
#0 G:\xampp\htdocs\message\app\routes.php(49): Illuminate\Exception\Handler->handleError(2, 'Invalid argumen...', 'G:\\xampp\\htdocs...', 49, Array)
#1 [internal function]: {closure}()
#2 G:\xampp\htdocs\message\bootstrap\compiled.php(5098): call_user_func_array(Object(Closure), Array)
#3 G:\xampp\htdocs\message\bootstrap\compiled.php(4795): Illuminate\Routing\Route->run(Object(Illuminate\Http\Request))
#4 G:\xampp\htdocs\message\bootstrap\compiled.php(4783): Illuminate\Routing\Router->dispatchToRoute(Object(Illuminate\Http\Request))
#5 G:\xampp\htdocs\message\bootstrap\compiled.php(706): Illuminate\Routing\Router->dispatch(Object(Illuminate\Http\Request))
#6 G:\xampp\htdocs\message\bootstrap\compiled.php(687): Illuminate\Foundation\Application->dispatch(Object(Illuminate\Http\Request))
#7 G:\xampp\htdocs\message\bootstrap\compiled.php(7425): Illuminate\Foundation\Application->handle(Object(Illuminate\Http\Request), 1, true)
#8 G:\xampp\htdocs\message\bootstrap\compiled.php(8031): Illuminate\Session\Middleware->handle(Object(Illuminate\Http\Request), 1, true)
#9 G:\xampp\htdocs\message\bootstrap\compiled.php(7978): Illuminate\Cookie\Queue->handle(Object(Illuminate\Http\Request), 1, true)
#10 G:\xampp\htdocs\message\bootstrap\compiled.php(10747): Illuminate\Cookie\Guard->handle(Object(Illuminate\Http\Request), 1, true)
#11 G:\xampp\htdocs\message\bootstrap\compiled.php(648): Stack\StackedHttpKernel->handle(Object(Illuminate\Http\Request))
#12 G:\xampp\htdocs\message\public\index.php(49): Illuminate\Foundation\Application->run()
#13 {main} [] []
